<?xml version="1.0" encoding="UTF-8"?>
<!-- Generated by org.testng.reporters.JUnitReportReporter -->
<testsuite hostname="LAPTOP-OG0KRC8M" failures="0" tests="2" name="com.class01.BeforeAndAfterMethod" time="0.022" errors="0" timestamp="29 May 2019 01:28:38 GMT" skipped="0">
  <testcase classname="com.class01.BeforeAndAfterMethod" name="testMethodOne" time="0.020"/>
  <testcase classname="com.class01.BeforeAndAfterMethod" name="testMethodTwo" time="0.002"/>
</testsuite> <!-- com.class01.BeforeAndAfterMethod -->
