<?xml version="1.0" encoding="UTF-8"?>
<!-- Generated by org.testng.reporters.JUnitReportReporter -->
<testsuite hostname="LAPTOP-OG0KRC8M" failures="0" tests="2" name="com.class05.DemoClass" time="29.766" errors="0" timestamp="12 Jun 2019 01:50:33 GMT" skipped="0">
  <testcase classname="com.class05.DemoClass" name="testCrossBrowser" time="7.963"/>
  <testcase classname="com.class05.DemoClass" name="testCrossBrowser" time="21.803"/>
</testsuite> <!-- com.class05.DemoClass -->
