<?xml version="1.0" encoding="UTF-8"?>
<!-- Generated by org.testng.reporters.JUnitReportReporter -->
<testsuite hostname="LAPTOP-OG0KRC8M" failures="0" tests="4" name="com.class02.Priority" time="0.024" errors="0" timestamp="30 May 2019 23:04:58 GMT" skipped="0">
  <testcase classname="com.class02.Priority" name="first" time="0.014"/>
  <testcase classname="com.class02.Priority" name="second" time="0.008"/>
  <testcase classname="com.class02.Priority" name="third" time="0.001"/>
  <testcase classname="com.class02.Priority" name="fourth" time="0.001"/>
</testsuite> <!-- com.class02.Priority -->
