<?xml version="1.0" encoding="UTF-8"?>
<!-- Generated by org.testng.reporters.JUnitReportReporter -->
<testsuite hostname="LAPTOP-OG0KRC8M" failures="0" tests="3" name="com.class01.test" time="0.016" errors="0" timestamp="29 May 2019 01:17:13 GMT" skipped="0">
  <testcase classname="com.class01.test" name="a" time="0.012"/>
  <testcase classname="com.class01.test" name="helloWorld" time="0.002"/>
  <testcase classname="com.class01.test" name="b" time="0.002"/>
</testsuite> <!-- com.class01.test -->
