<?xml version="1.0" encoding="UTF-8"?>
<!-- Generated by org.testng.reporters.JUnitReportReporter -->
<testsuite hostname="LAPTOP-OG0KRC8M" failures="0" tests="6" name="com.class05.TaskOneDataProvider" time="0.000" errors="2" timestamp="12 Jun 2019 01:52:14 GMT" skipped="4">
  <testcase classname="com.class05.TaskOneDataProvider" name="testUsers" time="0.000">
    <skipped/>
  </testcase> <!-- testUsers -->
  <testcase classname="com.class05.TaskOneDataProvider" name="testUsers" time="0.000">
    <skipped/>
  </testcase> <!-- testUsers -->
  <testcase classname="com.class05.TaskOneDataProvider" name="testUsers" time="0.000">
    <skipped/>
  </testcase> <!-- testUsers -->
  <testcase classname="com.class05.TaskOneDataProvider" name="setUp" time="0.000">
    <error message="
Method setUp requires 4 parameters but 3 were supplied in the BeforeClass annotation." type="org.testng.TestNGException">
      <![CDATA[org.testng.TestNGException: 
Method setUp requires 4 parameters but 3 were supplied in the BeforeClass annotation.
at org.testng.internal.Parameters.checkParameterTypes(Parameters.java:415)
at org.testng.internal.Parameters.createParametersForMethod(Parameters.java:356)
at org.testng.internal.Parameters.createParameters(Parameters.java:620)
at org.testng.internal.Parameters.createConfigurationParameters(Parameters.java:190)
at org.testng.internal.Invoker.invokeConfigurations(Invoker.java:209)
at org.testng.internal.Invoker.invokeConfigurations(Invoker.java:142)
at org.testng.internal.TestMethodWorker.invokeBeforeClassMethods(TestMethodWorker.java:168)
at org.testng.internal.TestMethodWorker.run(TestMethodWorker.java:105)
at org.testng.TestRunner.privateRun(TestRunner.java:648)
at org.testng.TestRunner.run(TestRunner.java:505)
at org.testng.SuiteRunner.runTest(SuiteRunner.java:455)
at org.testng.SuiteRunner.access$000(SuiteRunner.java:40)
at org.testng.SuiteRunner$SuiteWorker.run(SuiteRunner.java:489)
at org.testng.internal.thread.ThreadUtil$1.call(ThreadUtil.java:52)
at java.base/java.util.concurrent.FutureTask.run(Unknown Source)
at java.base/java.util.concurrent.ThreadPoolExecutor.runWorker(Unknown Source)
at java.base/java.util.concurrent.ThreadPoolExecutor$Worker.run(Unknown Source)
at java.base/java.lang.Thread.run(Unknown Source)
]]>
    </error>
  </testcase> <!-- setUp -->
  <testcase classname="com.class05.TaskOneDataProvider" name="testUsers" time="0.000">
    <skipped/>
  </testcase> <!-- testUsers -->
  <testcase classname="com.class05.TaskOneDataProvider" name="setUp" time="0.000">
    <error message="
Method setUp requires 4 parameters but 3 were supplied in the BeforeClass annotation." type="org.testng.TestNGException">
      <![CDATA[org.testng.TestNGException: 
Method setUp requires 4 parameters but 3 were supplied in the BeforeClass annotation.
at org.testng.internal.Parameters.checkParameterTypes(Parameters.java:415)
at org.testng.internal.Parameters.createParametersForMethod(Parameters.java:356)
at org.testng.internal.Parameters.createParameters(Parameters.java:620)
at org.testng.internal.Parameters.createConfigurationParameters(Parameters.java:190)
at org.testng.internal.Invoker.invokeConfigurations(Invoker.java:209)
at org.testng.internal.Invoker.invokeConfigurations(Invoker.java:142)
at org.testng.internal.TestMethodWorker.invokeBeforeClassMethods(TestMethodWorker.java:168)
at org.testng.internal.TestMethodWorker.run(TestMethodWorker.java:105)
at org.testng.TestRunner.privateRun(TestRunner.java:648)
at org.testng.TestRunner.run(TestRunner.java:505)
at org.testng.SuiteRunner.runTest(SuiteRunner.java:455)
at org.testng.SuiteRunner.access$000(SuiteRunner.java:40)
at org.testng.SuiteRunner$SuiteWorker.run(SuiteRunner.java:489)
at org.testng.internal.thread.ThreadUtil$1.call(ThreadUtil.java:52)
at java.base/java.util.concurrent.FutureTask.run(Unknown Source)
at java.base/java.util.concurrent.ThreadPoolExecutor.runWorker(Unknown Source)
at java.base/java.util.concurrent.ThreadPoolExecutor$Worker.run(Unknown Source)
at java.base/java.lang.Thread.run(Unknown Source)
]]>
    </error>
  </testcase> <!-- setUp -->
</testsuite> <!-- com.class05.TaskOneDataProvider -->
