<?xml version="1.0" encoding="UTF-8"?>
<!-- Generated by org.testng.reporters.JUnitReportReporter -->
<testsuite hostname="LAPTOP-OG0KRC8M" failures="0" tests="3" name="com.class03.MethodsExample" time="0.016" errors="0" timestamp="06 Jun 2019 00:58:03 GMT" skipped="0">
  <testcase classname="com.class03.MethodsExample" name="Three" time="0.002"/>
  <testcase classname="com.class03.MethodsExample" name="Two" time="0.001"/>
  <testcase classname="com.class03.MethodsExample" name="One" time="0.013"/>
</testsuite> <!-- com.class03.MethodsExample -->
