<?xml version="1.0" encoding="UTF-8"?>
<!-- Generated by org.testng.reporters.JUnitReportReporter -->
<testsuite hostname="LAPTOP-OG0KRC8M" failures="0" tests="3" name="com.class04.HomeWork" time="18.324" errors="0" timestamp="11 Jun 2019 23:06:17 GMT" skipped="0">
  <testcase classname="com.class04.HomeWork" name="enterUser1" time="7.042"/>
  <testcase classname="com.class04.HomeWork" name="enterUser2" time="5.341"/>
  <testcase classname="com.class04.HomeWork" name="valid" time="5.941"/>
</testsuite> <!-- com.class04.HomeWork -->
