<?xml version="1.0" encoding="UTF-8"?>
<!-- Generated by org.testng.reporters.JUnitReportReporter -->
<testsuite hostname="LAPTOP-OG0KRC8M" failures="0" tests="2" name="com.class04.Task1" time="14.492" errors="0" timestamp="07 Jun 2019 00:22:20 GMT" skipped="0">
  <testcase classname="com.class04.Task1" name="userOne" time="7.781"/>
  <testcase classname="com.class04.Task1" name="userTwo" time="6.711"/>
</testsuite> <!-- com.class04.Task1 -->
