<?xml version="1.0" encoding="UTF-8"?>
<!-- Generated by org.testng.reporters.JUnitReportReporter -->
<testsuite hostname="LAPTOP-OG0KRC8M" failures="0" tests="4" name="com.class04.DataProviderExample" time="63.900" errors="0" timestamp="07 Jun 2019 14:56:26 GMT" skipped="0">
  <testcase classname="com.class04.DataProviderExample" name="getData" time="15.063"/>
  <testcase classname="com.class04.DataProviderExample" name="getData" time="20.500"/>
  <testcase classname="com.class04.DataProviderExample" name="getData" time="14.707"/>
  <testcase classname="com.class04.DataProviderExample" name="getData" time="13.630"/>
</testsuite> <!-- com.class04.DataProviderExample -->
