<?xml version="1.0" encoding="UTF-8"?>
<!-- Generated by org.testng.reporters.JUnitReportReporter -->
<testsuite hostname="LAPTOP-OG0KRC8M" failures="0" tests="2" name="com.class03.GroupsExample" time="0.007" errors="0" timestamp="06 Jun 2019 02:00:00 GMT" skipped="0">
  <testcase classname="com.class03.GroupsExample" name="one" time="0.002"/>
  <testcase classname="com.class03.GroupsExample" name="Three" time="0.005"/>
</testsuite> <!-- com.class03.GroupsExample -->
